[ 2017-02-14T11:08:20+08:00 ] 60.205.21.136 124.202.179.214 GET /otherweb/tp-admin-master/public/
[ log ] www.rootblack.com/otherweb/tp-admin-master/public/ [运行时间：0.031060s][吞吐率：32.20req/s] [内存消耗：2,193.12kb] [文件加载：43]
[ info ] [ LANG ] /data/home/bxu2359050697/htdocs/otherweb/tp-admin-master/thinkphp/lang/zh-cn.php
[ info ] [ ROUTE ] array (
  'type' => 'module',
  'module' => 
  array (
    0 => '',
    1 => NULL,
    2 => NULL,
  ),
)
[ info ] [ HEADER ] array (
  'accept' => 'text/html,application/xhtml+xml,application/xml;q=0.9,image/webp,*/*;q=0.8',
  'accept-encoding' => 'gzip, deflate, sdch',
  'accept-language' => 'zh-CN,zh;q=0.8,en;q=0.6',
  'host' => 'www.rootblack.com',
  'proxy-connection' => 'keep-alive',
  'upgrade-insecure-requests' => '1',
  'user-agent' => 'Mozilla/5.0 (Windows NT 10.0; WOW64) AppleWebKit/537.36 (KHTML, like Gecko) Chrome/56.0.2924.87 Safari/537.36',
)
[ info ] [ PARAM ] array (
)
[ info ] [ RUN ] app\www\controller\Index->index[ /data/home/bxu2359050697/htdocs/otherweb/tp-admin-master/app/www/controller/Index.php ]
[ info ] [ LOG ] INIT File

---------------------------------------------------------------
[ 2017-02-14T11:08:24+08:00 ] 60.205.21.136 124.202.179.214 GET /otherweb/tp-admin-master/public/admin
[ log ] www.rootblack.com/otherweb/tp-admin-master/public/admin [运行时间：0.040047s][吞吐率：24.97req/s] [内存消耗：2,540.38kb] [文件加载：53]
[ info ] [ LANG ] /data/home/bxu2359050697/htdocs/otherweb/tp-admin-master/thinkphp/lang/zh-cn.php
[ info ] [ ROUTE ] array (
  'type' => 'module',
  'module' => 
  array (
    0 => 'admin',
    1 => NULL,
    2 => NULL,
  ),
)
[ info ] [ HEADER ] array (
  'accept' => 'text/html,application/xhtml+xml,application/xml;q=0.9,image/webp,*/*;q=0.8',
  'accept-encoding' => 'gzip, deflate, sdch',
  'accept-language' => 'zh-CN,zh;q=0.8,en;q=0.6',
  'cookie' => 'think_var=zh-cn; pgv_pvi=5200644096; pgv_si=s1169610752',
  'host' => 'www.rootblack.com',
  'proxy-connection' => 'keep-alive',
  'upgrade-insecure-requests' => '1',
  'user-agent' => 'Mozilla/5.0 (Windows NT 10.0; WOW64) AppleWebKit/537.36 (KHTML, like Gecko) Chrome/56.0.2924.87 Safari/537.36',
)
[ info ] [ PARAM ] array (
)
[ info ] [ LANG ] /data/home/bxu2359050697/htdocs/otherweb/tp-admin-master/public/../app/admin/lang/zh-cn.php
[ info ] [ SESSION ] INIT array (
  'id' => '',
  'var_session_id' => '',
  'prefix' => '',
  'type' => '',
  'auto_start' => true,
)
[ info ] [ VIEW ] /data/home/bxu2359050697/htdocs/otherweb/tp-admin-master/public/../app/admin/view//dispatch_jump.tpl [ array (
  0 => 'set_lang',
  1 => 'code',
  2 => 'msg',
  3 => 'data',
  4 => 'url',
  5 => 'wait',
) ]
[ info ] [ LOG ] INIT File

---------------------------------------------------------------
[ 2017-02-14T11:08:26+08:00 ] 60.205.21.136 124.202.179.214 GET /otherweb/tp-admin-master/public/admin/login/index
[ log ] www.rootblack.com/otherweb/tp-admin-master/public/admin/login/index [运行时间：0.036297s][吞吐率：27.55req/s] [内存消耗：2,539.09kb] [文件加载：52]
[ info ] [ LANG ] /data/home/bxu2359050697/htdocs/otherweb/tp-admin-master/thinkphp/lang/zh-cn.php
[ info ] [ ROUTE ] array (
  'type' => 'module',
  'module' => 
  array (
    0 => 'admin',
    1 => 'login',
    2 => 'index',
  ),
)
[ info ] [ HEADER ] array (
  'accept' => 'text/html,application/xhtml+xml,application/xml;q=0.9,image/webp,*/*;q=0.8',
  'accept-encoding' => 'gzip, deflate, sdch',
  'accept-language' => 'zh-CN,zh;q=0.8,en;q=0.6',
  'connection' => 'keep-alive',
  'cookie' => 'think_var=zh-cn; pgv_pvi=5200644096; pgv_si=s1169610752; PHPSESSID=7da76rnhj7rb018jht2bi5o6v1',
  'host' => 'www.rootblack.com',
  'referer' => 'http://www.rootblack.com/otherweb/tp-admin-master/public/admin',
  'upgrade-insecure-requests' => '1',
  'user-agent' => 'Mozilla/5.0 (Windows NT 10.0; WOW64) AppleWebKit/537.36 (KHTML, like Gecko) Chrome/56.0.2924.87 Safari/537.36',
)
[ info ] [ PARAM ] array (
)
[ info ] [ LANG ] /data/home/bxu2359050697/htdocs/otherweb/tp-admin-master/public/../app/admin/lang/zh-cn.php
[ info ] [ RUN ] app\admin\controller\Login->index[ /data/home/bxu2359050697/htdocs/otherweb/tp-admin-master/app/admin/controller/Login.php ]
[ info ] [ SESSION ] INIT array (
  'id' => '',
  'var_session_id' => '',
  'prefix' => '',
  'type' => '',
  'auto_start' => true,
)
[ info ] [ VIEW ] /data/home/bxu2359050697/htdocs/otherweb/tp-admin-master/public/../app/admin/view/login/index.html [ array (
  0 => 'set_lang',
) ]
[ info ] [ LOG ] INIT File

---------------------------------------------------------------
[ 2017-02-14T11:08:26+08:00 ] 60.205.21.136 124.202.179.214 GET /otherweb/tp-admin-master/public/captcha
[ log ] www.rootblack.com/otherweb/tp-admin-master/public/captcha [运行时间：0.030273s][吞吐率：33.03req/s] [内存消耗：1,903.76kb] [文件加载：37]
[ info ] [ LANG ] /data/home/bxu2359050697/htdocs/otherweb/tp-admin-master/thinkphp/lang/zh-cn.php
[ info ] [ ROUTE ] array (
  'type' => 'method',
  'method' => 
  array (
    0 => '\\think\\captcha\\CaptchaController',
    1 => 'index',
  ),
  'var' => 
  array (
  ),
)
[ info ] [ HEADER ] array (
  'accept' => 'image/webp,image/*,*/*;q=0.8',
  'accept-encoding' => 'gzip, deflate, sdch',
  'accept-language' => 'zh-CN,zh;q=0.8,en;q=0.6',
  'connection' => 'keep-alive',
  'cookie' => 'think_var=zh-cn; pgv_pvi=5200644096; pgv_si=s1169610752; PHPSESSID=7da76rnhj7rb018jht2bi5o6v1',
  'host' => 'www.rootblack.com',
  'referer' => 'http://www.rootblack.com/otherweb/tp-admin-master/public/admin/login/index',
  'user-agent' => 'Mozilla/5.0 (Windows NT 10.0; WOW64) AppleWebKit/537.36 (KHTML, like Gecko) Chrome/56.0.2924.87 Safari/537.36',
)
[ info ] [ PARAM ] array (
  'id' => NULL,
)
[ info ] [ RUN ] think\captcha\CaptchaController->index[ /data/home/bxu2359050697/htdocs/otherweb/tp-admin-master/vendor/topthink/think-captcha/src/CaptchaController.php ]
[ info ] [ SESSION ] INIT array (
  'id' => '',
  'var_session_id' => '',
  'prefix' => 'think',
  'type' => '',
  'auto_start' => true,
)
[ info ] [ LOG ] INIT File

---------------------------------------------------------------
[ 2017-02-14T11:08:38+08:00 ] 60.205.21.136 124.202.179.214 GET /otherweb/tp-admin-master/public/admin/login/index
[ log ] www.rootblack.com/otherweb/tp-admin-master/public/admin/login/index [运行时间：0.032870s][吞吐率：30.42req/s] [内存消耗：2,332.60kb] [文件加载：49]
[ info ] [ LANG ] /data/home/bxu2359050697/htdocs/otherweb/tp-admin-master/thinkphp/lang/zh-cn.php
[ info ] [ ROUTE ] array (
  'type' => 'module',
  'module' => 
  array (
    0 => 'admin',
    1 => 'login',
    2 => 'index',
  ),
)
[ info ] [ HEADER ] array (
  'accept' => 'text/html,application/xhtml+xml,application/xml;q=0.9,image/webp,*/*;q=0.8',
  'accept-encoding' => 'gzip, deflate, sdch',
  'accept-language' => 'zh-CN,zh;q=0.8,en;q=0.6',
  'cache-control' => 'max-age=0',
  'connection' => 'keep-alive',
  'cookie' => 'think_var=zh-cn; pgv_pvi=5200644096; pgv_si=s1169610752; PHPSESSID=7da76rnhj7rb018jht2bi5o6v1',
  'host' => 'www.rootblack.com',
  'referer' => 'http://www.rootblack.com/otherweb/tp-admin-master/public/admin',
  'upgrade-insecure-requests' => '1',
  'user-agent' => 'Mozilla/5.0 (Windows NT 10.0; WOW64) AppleWebKit/537.36 (KHTML, like Gecko) Chrome/56.0.2924.87 Safari/537.36',
)
[ info ] [ PARAM ] array (
)
[ info ] [ LANG ] /data/home/bxu2359050697/htdocs/otherweb/tp-admin-master/public/../app/admin/lang/zh-cn.php
[ info ] [ RUN ] app\admin\controller\Login->index[ /data/home/bxu2359050697/htdocs/otherweb/tp-admin-master/app/admin/controller/Login.php ]
[ info ] [ SESSION ] INIT array (
  'id' => '',
  'var_session_id' => '',
  'prefix' => '',
  'type' => '',
  'auto_start' => true,
)
[ info ] [ VIEW ] /data/home/bxu2359050697/htdocs/otherweb/tp-admin-master/public/../app/admin/view/login/index.html [ array (
  0 => 'set_lang',
) ]
[ info ] [ LOG ] INIT File

---------------------------------------------------------------
[ 2017-02-14T11:08:39+08:00 ] 60.205.21.136 124.202.179.214 GET /otherweb/tp-admin-master/public/captcha
[ log ] www.rootblack.com/otherweb/tp-admin-master/public/captcha [运行时间：0.030658s][吞吐率：32.62req/s] [内存消耗：1,903.77kb] [文件加载：37]
[ info ] [ LANG ] /data/home/bxu2359050697/htdocs/otherweb/tp-admin-master/thinkphp/lang/zh-cn.php
[ info ] [ ROUTE ] array (
  'type' => 'method',
  'method' => 
  array (
    0 => '\\think\\captcha\\CaptchaController',
    1 => 'index',
  ),
  'var' => 
  array (
  ),
)
[ info ] [ HEADER ] array (
  'accept' => 'image/webp,image/*,*/*;q=0.8',
  'accept-encoding' => 'gzip, deflate, sdch',
  'accept-language' => 'zh-CN,zh;q=0.8,en;q=0.6',
  'connection' => 'keep-alive',
  'cookie' => 'think_var=zh-cn; pgv_pvi=5200644096; pgv_si=s1169610752; PHPSESSID=7da76rnhj7rb018jht2bi5o6v1',
  'host' => 'www.rootblack.com',
  'referer' => 'http://www.rootblack.com/otherweb/tp-admin-master/public/admin/login/index',
  'user-agent' => 'Mozilla/5.0 (Windows NT 10.0; WOW64) AppleWebKit/537.36 (KHTML, like Gecko) Chrome/56.0.2924.87 Safari/537.36',
)
[ info ] [ PARAM ] array (
  'id' => NULL,
)
[ info ] [ RUN ] think\captcha\CaptchaController->index[ /data/home/bxu2359050697/htdocs/otherweb/tp-admin-master/vendor/topthink/think-captcha/src/CaptchaController.php ]
[ info ] [ SESSION ] INIT array (
  'id' => '',
  'var_session_id' => '',
  'prefix' => 'think',
  'type' => '',
  'auto_start' => true,
)
[ info ] [ LOG ] INIT File

---------------------------------------------------------------
[ 2017-02-14T11:08:40+08:00 ] 60.205.21.136 124.202.179.214 GET /otherweb/tp-admin-master/public/admin/login/index
[ log ] www.rootblack.com/otherweb/tp-admin-master/public/admin/login/index [运行时间：0.033068s][吞吐率：30.24req/s] [内存消耗：2,332.60kb] [文件加载：49]
[ info ] [ LANG ] /data/home/bxu2359050697/htdocs/otherweb/tp-admin-master/thinkphp/lang/zh-cn.php
[ info ] [ ROUTE ] array (
  'type' => 'module',
  'module' => 
  array (
    0 => 'admin',
    1 => 'login',
    2 => 'index',
  ),
)
[ info ] [ HEADER ] array (
  'accept' => 'text/html,application/xhtml+xml,application/xml;q=0.9,image/webp,*/*;q=0.8',
  'accept-encoding' => 'gzip, deflate, sdch',
  'accept-language' => 'zh-CN,zh;q=0.8,en;q=0.6',
  'cache-control' => 'max-age=0',
  'connection' => 'keep-alive',
  'cookie' => 'think_var=zh-cn; pgv_pvi=5200644096; pgv_si=s1169610752; PHPSESSID=7da76rnhj7rb018jht2bi5o6v1',
  'host' => 'www.rootblack.com',
  'referer' => 'http://www.rootblack.com/otherweb/tp-admin-master/public/admin',
  'upgrade-insecure-requests' => '1',
  'user-agent' => 'Mozilla/5.0 (Windows NT 10.0; WOW64) AppleWebKit/537.36 (KHTML, like Gecko) Chrome/56.0.2924.87 Safari/537.36',
)
[ info ] [ PARAM ] array (
)
[ info ] [ LANG ] /data/home/bxu2359050697/htdocs/otherweb/tp-admin-master/public/../app/admin/lang/zh-cn.php
[ info ] [ RUN ] app\admin\controller\Login->index[ /data/home/bxu2359050697/htdocs/otherweb/tp-admin-master/app/admin/controller/Login.php ]
[ info ] [ SESSION ] INIT array (
  'id' => '',
  'var_session_id' => '',
  'prefix' => '',
  'type' => '',
  'auto_start' => true,
)
[ info ] [ VIEW ] /data/home/bxu2359050697/htdocs/otherweb/tp-admin-master/public/../app/admin/view/login/index.html [ array (
  0 => 'set_lang',
) ]
[ info ] [ LOG ] INIT File

---------------------------------------------------------------
[ 2017-02-14T11:08:40+08:00 ] 60.205.21.136 124.202.179.214 GET /otherweb/tp-admin-master/public/captcha
[ log ] www.rootblack.com/otherweb/tp-admin-master/public/captcha [运行时间：0.028623s][吞吐率：34.94req/s] [内存消耗：1,903.71kb] [文件加载：37]
[ info ] [ LANG ] /data/home/bxu2359050697/htdocs/otherweb/tp-admin-master/thinkphp/lang/zh-cn.php
[ info ] [ ROUTE ] array (
  'type' => 'method',
  'method' => 
  array (
    0 => '\\think\\captcha\\CaptchaController',
    1 => 'index',
  ),
  'var' => 
  array (
  ),
)
[ info ] [ HEADER ] array (
  'accept' => 'image/webp,image/*,*/*;q=0.8',
  'accept-encoding' => 'gzip, deflate, sdch',
  'accept-language' => 'zh-CN,zh;q=0.8,en;q=0.6',
  'connection' => 'keep-alive',
  'cookie' => 'think_var=zh-cn; pgv_pvi=5200644096; pgv_si=s1169610752; PHPSESSID=7da76rnhj7rb018jht2bi5o6v1',
  'host' => 'www.rootblack.com',
  'referer' => 'http://www.rootblack.com/otherweb/tp-admin-master/public/admin/login/index',
  'user-agent' => 'Mozilla/5.0 (Windows NT 10.0; WOW64) AppleWebKit/537.36 (KHTML, like Gecko) Chrome/56.0.2924.87 Safari/537.36',
)
[ info ] [ PARAM ] array (
  'id' => NULL,
)
[ info ] [ RUN ] think\captcha\CaptchaController->index[ /data/home/bxu2359050697/htdocs/otherweb/tp-admin-master/vendor/topthink/think-captcha/src/CaptchaController.php ]
[ info ] [ SESSION ] INIT array (
  'id' => '',
  'var_session_id' => '',
  'prefix' => 'think',
  'type' => '',
  'auto_start' => true,
)
[ info ] [ LOG ] INIT File

---------------------------------------------------------------
